0 info it worked if it ends with ok
1 verbose cli [ 'C:\\Program Files\\nodejs\\node.exe',
1 verbose cli   'C:\\Users\\Florent\\AppData\\Roaming\\npm\\node_modules\\npm\\bin\\npm-cli.js',
1 verbose cli   'start' ]
2 info using npm@3.10.10
3 info using node@v8.9.3
4 verbose run-script [ 'prestart', 'start', 'poststart' ]
5 info lifecycle balademap@0.0.0~prestart: balademap@0.0.0
6 silly lifecycle balademap@0.0.0~prestart: no script for prestart, continuing
7 info lifecycle balademap@0.0.0~start: balademap@0.0.0
8 verbose lifecycle balademap@0.0.0~start: unsafe-perm in lifecycle true
9 verbose lifecycle balademap@0.0.0~start: PATH: C:\Users\Florent\AppData\Roaming\npm\node_modules\npm\bin\node-gyp-bin;C:\Users\Florent\Dropbox\Corthesy\Adri\BaladeMap\node_modules\.bin;C:\Users\Florent\AppData\Local\GitHub\PortableGit_63435a79518b44808827aa3194b76bea96231189\cmd;C:\Users\Florent\AppData\Local\GitHub\PortableGit_63435a79518b44808827aa3194b76bea96231189\usr\bin;C:\Users\Florent\AppData\Local\GitHub\PortableGit_63435a79518b44808827aa3194b76bea96231189\usr\share\git-tfs;C:\Users\Florent\AppData\Local\Apps\2.0\JBNYY4ZT.0DZ\L8C4NOEL.X6G\gith..tion_317444273a93ac29_0003.0003_7524e8363d96b294;C:\Users\Florent\AppData\Local\GitHub\lfs-amd64_1.3.1;c:\program files (x86)\graphicsmagick-1.3.21-q16;C:\ProgramData\Oracle\Java\javapath;C:\Program Files (x86)\Intel\iCLS Client\;C:\Program Files\Intel\iCLS Client\;C:\WINDOWS\system32;C:\WINDOWS;C:\WINDOWS\System32\Wbem;C:\WINDOWS\System32\WindowsPowerShell\v1.0\;C:\Program Files (x86)\Intel\Intel(R) Management Engine Components\DAL;C:\Program Files\Intel\Intel(R) Management Engine Components\DAL;C:\Program Files (x86)\Intel\Intel(R) Management Engine Components\IPT;C:\Program Files\Intel\Intel(R) Management Engine Components\IPT;C:\Program Files\WIDCOMM\Bluetooth Software\;C:\Program Files\WIDCOMM\Bluetooth Software\syswow64;C:\Program Files (x86)\Common Files\Lenovo;C:\Program Files (x86)\Heroku\bin;C:\Program Files (x86)\git\cmd;C:\Program Files (x86)\Skype\Phone\;C:\Program Files (x86)\MiKTeX 2.9\miktex\bin\;C:\Program Files\MATLAB\R2016a\runtime\win64;C:\Program Files\MATLAB\R2016a\bin;C:\Program Files\Intel\WiFi\bin\;C:\Program Files\Common Files\Intel\WirelessCommon\;C:\Program Files\nodejs\;C:\Program Files\Git\cmd;C:\Program Files\Git\mingw64\bin;C:\Program Files\Git\usr\bin;C:\Android\android-sdk\tools;C:\Android\android-sdk\platform-tools;C:\apache-ant-1.9.6;C:\Python\Python35-32;C:\Program Files\Intel\WiFi\bin\;C:\Program Files\Common Files\Intel\WirelessCommon\;C:\Program Files\Microsoft VS Code\bin;C:\Users\Florent\AppData\Roaming\npm;c:\Python27;c:\Python27\Scripts;;C:\Windows\Microsoft.NET\Framework\v4.0.30319\
10 verbose lifecycle balademap@0.0.0~start: CWD: C:\Users\Florent\Dropbox\Corthesy\Adri\BaladeMap
11 silly lifecycle balademap@0.0.0~start: Args: [ '/d /s /c', 'node web.js' ]
12 verbose stack Error: kill ENOSYS
12 verbose stack     at Object._errnoException (util.js:1024:11)
12 verbose stack     at process.kill (internal/process.js:183:18)
12 verbose stack     at process.listener (C:\Users\Florent\AppData\Roaming\npm\node_modules\npm\node_modules\npmlog\node_modules\gauge\node_modules\signal-exit\index.js:86:15)
12 verbose stack     at emitNone (events.js:111:20)
12 verbose stack     at process.emit (events.js:208:7)
12 verbose stack     at processEmit (C:\Users\Florent\AppData\Roaming\npm\node_modules\npm\node_modules\npmlog\node_modules\gauge\node_modules\signal-exit\index.js:146:32)
12 verbose stack     at processEmit (C:\Users\Florent\AppData\Roaming\npm\node_modules\npm\node_modules\npm-registry-client\node_modules\npmlog\node_modules\gauge\node_modules\signal-exit\index.js:146:32)
12 verbose stack     at Signal.wrap.onsignal (internal/process.js:208:44)
13 verbose cwd C:\Users\Florent\Dropbox\Corthesy\Adri\BaladeMap
14 error Windows_NT 6.3.9600
15 error argv "C:\\Program Files\\nodejs\\node.exe" "C:\\Users\\Florent\\AppData\\Roaming\\npm\\node_modules\\npm\\bin\\npm-cli.js" "start"
16 error node v8.9.3
17 error npm  v3.10.10
18 error code ENOSYS
19 error errno ENOSYS
20 error syscall kill
21 error kill ENOSYS
22 error If you need help, you may report this error at:
22 error     <https://github.com/npm/npm/issues>
23 verbose exit [ 1, true ]
